<?xml version="1.0" encoding="UTF-8"?>
<!-- Generated by org.testng.reporters.JUnitReportReporter -->
<testsuite hostname="DESKTOP-S54S9MI" failures="0" tests="2" name="com.testcases.RegisterParaBankUser" time="0.518" errors="0" timestamp="2023-10-19T07:33:05 IST" skipped="0">
  <testcase classname="com.testcases.RegisterParaBankUser" name="testGroups" time="0.263">
    <system-out>
      <![CDATA[TestCase started is testGroups]]>
    </system-out>
  </testcase> <!-- testGroups -->
  <testcase classname="com.testcases.RegisterParaBankUser" name="testGroups" time="0.255">
    <system-out>
      <![CDATA[TestCase started is testGroups]]>
    </system-out>
  </testcase> <!-- testGroups -->
  <system-out>
    <![CDATA[TestCase started is testGroups
TestCase started is testGroups]]>
  </system-out>
</testsuite> <!-- com.testcases.RegisterParaBankUser -->
