<?xml version="1.0" encoding="UTF-8"?>
<!-- Generated by org.testng.reporters.JUnitReportReporter -->
<testsuite hostname="DESKTOP-S54S9MI" failures="0" tests="10" name="com.testcases.Demo" time="0.623" errors="0" timestamp="2023-10-19T21:41:30 IST" skipped="0">
  <testcase classname="com.testcases.Demo" name="testTwo" time="0.004">
    <system-out>
      <![CDATA[TestCase started is testTwo]]>
    </system-out>
  </testcase> <!-- testTwo -->
  <testcase classname="com.testcases.Demo" name="testOne" time="0.057">
    <system-out>
      <![CDATA[TestCase started is testOne]]>
    </system-out>
  </testcase> <!-- testOne -->
  <testcase classname="com.testcases.Demo" name="testEight" time="0.063">
    <system-out>
      <![CDATA[TestCase started is testEight]]>
    </system-out>
  </testcase> <!-- testEight -->
  <testcase classname="com.testcases.Demo" name="testSix" time="0.010">
    <system-out>
      <![CDATA[TestCase started is testSix]]>
    </system-out>
  </testcase> <!-- testSix -->
  <testcase classname="com.testcases.Demo" name="testThree" time="0.006">
    <system-out>
      <![CDATA[TestCase started is testThree]]>
    </system-out>
  </testcase> <!-- testThree -->
  <testcase classname="com.testcases.Demo" name="testFour" time="0.065">
    <system-out>
      <![CDATA[TestCase started is testFour]]>
    </system-out>
  </testcase> <!-- testFour -->
  <testcase classname="com.testcases.Demo" name="testFive" time="0.348">
    <system-out>
      <![CDATA[TestCase started is testFive]]>
    </system-out>
  </testcase> <!-- testFive -->
  <testcase classname="com.testcases.Demo" name="testSeven" time="0.002">
    <system-out>
      <![CDATA[TestCase started is testSeven]]>
    </system-out>
  </testcase> <!-- testSeven -->
  <testcase classname="com.testcases.Demo" name="testTen" time="0.004">
    <system-out>
      <![CDATA[TestCase started is testTen]]>
    </system-out>
  </testcase> <!-- testTen -->
  <testcase classname="com.testcases.Demo" name="testNine" time="0.064">
    <system-out>
      <![CDATA[TestCase started is testNine]]>
    </system-out>
  </testcase> <!-- testNine -->
  <system-out>
    <![CDATA[TestCase started is testFour
TestCase started is testOne
TestCase started is testEight
TestCase started is testNine
TestCase started is testSeven
TestCase started is testSix
TestCase started is testThree
TestCase started is testTwo
TestCase started is testTen
TestCase started is testFive]]>
  </system-out>
</testsuite> <!-- com.testcases.Demo -->
