<?xml version="1.0" encoding="UTF-8"?>
<!-- Generated by org.testng.reporters.JUnitReportReporter -->
<testsuite hostname="LAPTOP-DQJJ62QQ" failures="0" tests="1" name="selenium.ParabankSuite.TestBuild" time="54.578" errors="0" timestamp="2023-07-28T23:08:13 IST" skipped="0">
  <testcase classname="selenium.ParabankSuite.TestBuild" name="launchApplication" time="54.578"/>
  <system-out/>
</testsuite> <!-- selenium.ParabankSuite.TestBuild -->
