<?xml version="1.0" encoding="UTF-8"?>
<!-- Generated by org.testng.reporters.JUnitReportReporter -->
<testsuite hostname="DESKTOP-5JLVDRE" failures="0" tests="1" name="com.testcases.RegisterParaBankUser" time="2.697" errors="0" timestamp="2024-01-29T08:00:32 IST" skipped="0">
  <testcase classname="com.testcases.RegisterParaBankUser" name="registerParaBankUser" time="2.697">
    <system-out>
      <![CDATA[Sai
Charan
Madhapur
Hyderabad
Telangana
500081
9876543210
173107
saireddy
saireddy
saireddy
saireddy
saireddy]]>
    </system-out>
  </testcase> <!-- registerParaBankUser -->
  <system-out>
    <![CDATA[Sai
Charan
Madhapur
Hyderabad
Telangana
500081
9876543210
173107
saireddy
saireddy
saireddy
saireddy
saireddy]]>
  </system-out>
</testsuite> <!-- com.testcases.RegisterParaBankUser -->
